<?xml version="1.0" encoding="UTF-8"?>
<robot generator="Robot 5.0 (Python 3.10.4 on win32)" generated="20220512 18:48:28.762" rpa="false" schemaversion="3">
<suite id="s1" name="File" source="C:\Users\These\Desktop\robotfw\test\file.robot">
<test id="s1-t1" name=" Test file Site" line="10">
<kw name="Open Browser" library="SeleniumLibrary">
<arg>https://www.google.com/</arg>
<arg>chrome</arg>
<doc>Opens a new browser instance to the optional ``url``.</doc>
<msg timestamp="20220512 18:48:29.040" level="INFO">Opening browser 'chrome' to base url 'https://www.google.com/'.</msg>
<msg timestamp="20220512 18:48:29.076" level="INFO">Cannot capture screenshot because no browser is open.</msg>
<msg timestamp="20220512 18:48:29.077" level="FAIL">WebDriverException: Message: 'chromedriver' executable needs to be in PATH. Please see https://chromedriver.chromium.org/home
</msg>
<status status="FAIL" starttime="20220512 18:48:29.040" endtime="20220512 18:48:29.080"/>
</kw>
<kw name="Close Browser" library="SeleniumLibrary">
<doc>Closes the current browser.</doc>
<status status="NOT RUN" starttime="20220512 18:48:29.081" endtime="20220512 18:48:29.081"/>
</kw>
<doc>Test1- Open file in browser</doc>
<tag>Smoke</tag>
<status status="FAIL" starttime="20220512 18:48:29.038" endtime="20220512 18:48:29.081">WebDriverException: Message: 'chromedriver' executable needs to be in PATH. Please see https://chromedriver.chromium.org/home
</status>
</test>
<doc>This is test script</doc>
<status status="FAIL" starttime="20220512 18:48:28.767" endtime="20220512 18:48:29.084"/>
</suite>
<statistics>
<total>
<stat pass="0" fail="1" skip="0">All Tests</stat>
</total>
<tag>
<stat pass="0" fail="1" skip="0">Smoke</stat>
</tag>
<suite>
<stat pass="0" fail="1" skip="0" id="s1" name="File">File</stat>
</suite>
</statistics>
<errors>
</errors>
</robot>
